2025-05-27 11:38:39,206 - INFO - app.java \u2192 Others
2025-05-27 11:38:39,208 - INFO - backup.zip \u2192 Others
2025-05-27 11:38:39,208 - INFO - banner.gif \u2192 Images
2025-05-27 11:38:39,209 - INFO - binary.bin \u2192 Others
2025-05-27 11:38:39,209 - INFO - clip.mov \u2192 Videos
2025-05-27 11:38:39,210 - INFO - config.json \u2192 Others
2025-05-27 11:38:39,211 - INFO - contract.doc \u2192 Documents
2025-05-27 11:38:39,211 - INFO - data.7z \u2192 Others
2025-05-27 11:38:39,213 - INFO - data.xml \u2192 Others
2025-05-27 11:38:39,213 - INFO - dataset.csv \u2192 Others
2025-05-27 11:38:39,215 - INFO - diagram.jpeg \u2192 Images
2025-05-27 11:38:39,216 - INFO - font.ttf \u2192 Others
2025-05-27 11:38:39,217 - INFO - heading.otf \u2192 Others
2025-05-27 11:38:39,218 - INFO - icon.png \u2192 Images
2025-05-27 11:38:39,218 - INFO - image.webp \u2192 Others
2025-05-27 11:38:39,219 - INFO - installer.tar.gz \u2192 Others
2025-05-27 11:38:39,221 - INFO - launcher.bat \u2192 Others
2025-05-27 11:38:39,222 - INFO - license.rtf \u2192 Others
2025-05-27 11:38:39,223 - INFO - machine.iso \u2192 Others
2025-05-27 11:38:39,225 - INFO - main.js \u2192 Others
2025-05-27 11:38:39,226 - INFO - misc.tmp \u2192 Others
2025-05-27 11:38:39,227 - INFO - module.dll \u2192 Others
2025-05-27 11:38:39,227 - INFO - movie.mp4 \u2192 Videos
2025-05-27 11:38:39,228 - INFO - notes.txt \u2192 Documents
2025-05-27 11:38:39,228 - INFO - photo.jpg \u2192 Images
2025-05-27 11:38:39,229 - INFO - presentation.pptx \u2192 Documents
2025-05-27 11:38:39,230 - INFO - program.c \u2192 Others
2025-05-27 11:38:39,231 - INFO - project.rar \u2192 Others
2025-05-27 11:38:39,232 - INFO - readme.md \u2192 Others
2025-05-27 11:38:39,232 - INFO - recording.avi \u2192 Videos
2025-05-27 11:38:39,233 - INFO - recording.wav \u2192 Audio
2025-05-27 11:38:39,234 - INFO - reel.wmv \u2192 Others
2025-05-27 11:38:39,235 - INFO - report.docx \u2192 Documents
2025-05-27 11:38:39,236 - INFO - run.sh \u2192 Others
2025-05-27 11:38:39,236 - INFO - scan.bmp \u2192 Images
2025-05-27 11:38:39,238 - INFO - schedule.xls \u2192 Others
2025-05-27 11:38:39,239 - INFO - script.py \u2192 Others
2025-05-27 11:38:39,239 - INFO - setup.exe \u2192 Others
2025-05-27 11:38:39,240 - INFO - show.mkv \u2192 Videos
2025-05-27 11:38:39,241 - INFO - slides.ppt \u2192 Others
2025-05-27 11:38:39,241 - INFO - song.mp3 \u2192 Audio
2025-05-27 11:38:39,242 - INFO - sound.ogg \u2192 Others
2025-05-27 11:38:39,243 - INFO - stream.flv \u2192 Others
2025-05-27 11:38:39,244 - INFO - style.css \u2192 Others
2025-05-27 11:38:39,245 - INFO - table.xlsx \u2192 Documents
2025-05-27 11:38:39,246 - INFO - track.flac \u2192 Others
2025-05-27 11:38:39,247 - INFO - tune.aac \u2192 Audio
2025-05-27 11:38:39,247 - INFO - unknown.xyz \u2192 Others
2025-05-27 11:38:39,248 - INFO - vector.svg \u2192 Others
2025-05-27 11:38:39,249 - INFO - voice.m4a \u2192 Others
2025-05-27 11:38:39,249 - INFO - web.html \u2192 Others
2025-05-27 11:38:39,250 - INFO - webfont.woff \u2192 Others
2025-05-27 11:38:39,250 - INFO - webfont2.woff2 \u2192 Others
2025-05-27 11:38:39,251 - INFO - whitepaper.pdf \u2192 Documents
2025-05-27 11:43:25,181 - INFO - app.java \u2192 Others
2025-05-27 11:43:25,181 - INFO - backup.zip \u2192 Others
2025-05-27 11:43:25,182 - INFO - banner.gif \u2192 Images
2025-05-27 11:43:25,183 - INFO - binary.bin \u2192 Others
2025-05-27 11:43:25,184 - INFO - clip.mov \u2192 Videos
2025-05-27 11:43:25,184 - INFO - config.json \u2192 Others
2025-05-27 11:43:25,185 - INFO - contract.doc \u2192 Documents
2025-05-27 11:43:25,186 - INFO - data.7z \u2192 Others
2025-05-27 11:43:25,187 - INFO - data.xml \u2192 Others
2025-05-27 11:43:25,187 - INFO - dataset.csv \u2192 Others
2025-05-27 11:43:25,188 - INFO - diagram.jpeg \u2192 Images
2025-05-27 11:43:25,189 - INFO - font.ttf \u2192 Others
2025-05-27 11:43:25,191 - INFO - heading.otf \u2192 Others
2025-05-27 11:43:25,191 - INFO - icon.png \u2192 Images
2025-05-27 11:43:25,192 - INFO - image.webp \u2192 Others
2025-05-27 11:43:25,194 - INFO - installer.tar.gz \u2192 Others
2025-05-27 11:43:25,195 - INFO - launcher.bat \u2192 Others
2025-05-27 11:43:25,196 - INFO - license.rtf \u2192 Others
2025-05-27 11:43:25,197 - INFO - machine.iso \u2192 Others
2025-05-27 11:43:25,198 - INFO - main.js \u2192 Others
2025-05-27 11:43:25,198 - INFO - misc.tmp \u2192 Others
2025-05-27 11:43:25,199 - INFO - module.dll \u2192 Others
2025-05-27 11:43:25,199 - INFO - movie.mp4 \u2192 Videos
2025-05-27 11:43:25,200 - INFO - notes.txt \u2192 Documents
2025-05-27 11:43:25,200 - INFO - photo.jpg \u2192 Images
2025-05-27 11:43:25,201 - INFO - presentation.pptx \u2192 Documents
2025-05-27 11:43:25,201 - INFO - program.c \u2192 Others
2025-05-27 11:43:25,202 - INFO - project.rar \u2192 Others
2025-05-27 11:43:25,202 - INFO - readme.md \u2192 Others
2025-05-27 11:43:25,203 - INFO - recording.avi \u2192 Videos
2025-05-27 11:43:25,203 - INFO - recording.wav \u2192 Audio
2025-05-27 11:43:25,203 - INFO - reel.wmv \u2192 Others
2025-05-27 11:43:25,204 - INFO - report.docx \u2192 Documents
2025-05-27 11:43:25,205 - INFO - run.sh \u2192 Others
2025-05-27 11:43:25,206 - INFO - scan.bmp \u2192 Images
2025-05-27 11:43:25,207 - INFO - schedule.xls \u2192 Others
2025-05-27 11:43:25,208 - INFO - script.py \u2192 Others
2025-05-27 11:43:25,209 - INFO - setup.exe \u2192 Others
2025-05-27 11:43:25,210 - INFO - show.mkv \u2192 Videos
2025-05-27 11:43:25,210 - INFO - slides.ppt \u2192 Others
2025-05-27 11:43:25,211 - INFO - song.mp3 \u2192 Audio
2025-05-27 11:43:25,213 - INFO - sound.ogg \u2192 Others
2025-05-27 11:43:25,214 - INFO - stream.flv \u2192 Others
2025-05-27 11:43:25,215 - INFO - style.css \u2192 Others
2025-05-27 11:43:25,215 - INFO - table.xlsx \u2192 Documents
2025-05-27 11:43:25,216 - INFO - track.flac \u2192 Others
2025-05-27 11:43:25,216 - INFO - tune.aac \u2192 Audio
2025-05-27 11:43:25,217 - INFO - unknown.xyz \u2192 Others
2025-05-27 11:43:25,217 - INFO - vector.svg \u2192 Others
2025-05-27 11:43:25,218 - INFO - voice.m4a \u2192 Others
2025-05-27 11:43:25,218 - INFO - web.html \u2192 Others
2025-05-27 11:43:25,219 - INFO - webfont.woff \u2192 Others
2025-05-27 11:43:25,219 - INFO - webfont2.woff2 \u2192 Others
2025-05-27 11:43:25,220 - INFO - whitepaper.pdf \u2192 Documents
2025-05-27 11:45:08,421 - INFO - app.java \u2192 Others
2025-05-27 11:45:08,422 - INFO - backup.zip \u2192 Others
2025-05-27 11:45:08,422 - INFO - banner.gif \u2192 Images
2025-05-27 11:45:08,423 - INFO - binary.bin \u2192 Others
2025-05-27 11:45:08,424 - INFO - clip.mov \u2192 Videos
2025-05-27 11:45:08,424 - INFO - config.json \u2192 Others
2025-05-27 11:45:08,425 - INFO - contract.doc \u2192 Documents
2025-05-27 11:45:08,426 - INFO - data.7z \u2192 Others
2025-05-27 11:45:08,426 - INFO - data.xml \u2192 Others
2025-05-27 11:45:08,428 - INFO - dataset.csv \u2192 Others
2025-05-27 11:45:08,428 - INFO - diagram.jpeg \u2192 Images
2025-05-27 11:45:08,429 - INFO - font.ttf \u2192 Others
2025-05-27 11:45:08,429 - INFO - heading.otf \u2192 Others
2025-05-27 11:45:08,430 - INFO - icon.png \u2192 Images
2025-05-27 11:45:08,430 - INFO - image.webp \u2192 Others
2025-05-27 11:45:08,431 - INFO - installer.tar.gz \u2192 Others
2025-05-27 11:45:08,431 - INFO - launcher.bat \u2192 Others
2025-05-27 11:45:08,431 - INFO - license.rtf \u2192 Others
2025-05-27 11:45:08,432 - INFO - machine.iso \u2192 Others
2025-05-27 11:45:08,432 - INFO - main.js \u2192 Others
2025-05-27 11:45:08,434 - INFO - misc.tmp \u2192 Others
2025-05-27 11:45:08,434 - INFO - module.dll \u2192 Others
2025-05-27 11:45:08,435 - INFO - movie.mp4 \u2192 Videos
2025-05-27 11:45:08,436 - INFO - notes.txt \u2192 Documents
2025-05-27 11:45:08,437 - INFO - photo.jpg \u2192 Images
2025-05-27 11:45:08,438 - INFO - presentation.pptx \u2192 Documents
2025-05-27 11:45:08,438 - INFO - program.c \u2192 Others
2025-05-27 11:45:08,438 - INFO - project.rar \u2192 Others
2025-05-27 11:45:08,439 - INFO - readme.md \u2192 Others
2025-05-27 11:45:08,440 - INFO - recording.avi \u2192 Videos
2025-05-27 11:45:08,440 - INFO - recording.wav \u2192 Audio
2025-05-27 11:45:08,441 - INFO - reel.wmv \u2192 Others
2025-05-27 11:45:08,442 - INFO - report.docx \u2192 Documents
2025-05-27 11:45:08,444 - INFO - run.sh \u2192 Others
2025-05-27 11:45:08,445 - INFO - scan.bmp \u2192 Images
2025-05-27 11:45:08,446 - INFO - schedule.xls \u2192 Others
2025-05-27 11:45:08,446 - INFO - script.py \u2192 Others
2025-05-27 11:45:08,447 - INFO - setup.exe \u2192 Others
2025-05-27 11:45:08,448 - INFO - show.mkv \u2192 Videos
2025-05-27 11:45:08,448 - INFO - slides.ppt \u2192 Others
2025-05-27 11:45:08,449 - INFO - song.mp3 \u2192 Audio
2025-05-27 11:45:08,450 - INFO - sound.ogg \u2192 Others
2025-05-27 11:45:08,451 - INFO - stream.flv \u2192 Others
2025-05-27 11:45:08,452 - INFO - style.css \u2192 Others
2025-05-27 11:45:08,453 - INFO - table.xlsx \u2192 Documents
2025-05-27 11:45:08,454 - INFO - track.flac \u2192 Others
2025-05-27 11:45:08,454 - INFO - tune.aac \u2192 Audio
2025-05-27 11:45:08,456 - INFO - unknown.xyz \u2192 Others
2025-05-27 11:45:08,457 - INFO - vector.svg \u2192 Others
2025-05-27 11:45:08,457 - INFO - voice.m4a \u2192 Others
2025-05-27 11:45:08,460 - INFO - web.html \u2192 Others
2025-05-27 11:45:08,461 - INFO - webfont.woff \u2192 Others
2025-05-27 11:45:08,461 - INFO - webfont2.woff2 \u2192 Others
2025-05-27 11:45:08,462 - INFO - whitepaper.pdf \u2192 Documents
2025-05-27 19:45:17,062 - INFO - app.java \u2192 Others
2025-05-27 19:45:17,062 - INFO - backup.zip \u2192 Others
2025-05-27 19:45:17,062 - INFO - banner.gif \u2192 Images
2025-05-27 19:45:17,062 - INFO - binary.bin \u2192 Others
2025-05-27 19:45:17,062 - INFO - clip.mov \u2192 Videos
2025-05-27 19:45:17,062 - INFO - config.json \u2192 Others
2025-05-27 19:45:17,062 - INFO - contract.doc \u2192 Documents
2025-05-27 19:45:17,062 - INFO - data.7z \u2192 Others
2025-05-27 19:45:17,062 - INFO - data.xml \u2192 Others
2025-05-27 19:45:17,062 - INFO - dataset.csv \u2192 Others
2025-05-27 19:45:17,062 - INFO - diagram.jpeg \u2192 Images
2025-05-27 19:45:17,062 - INFO - font.ttf \u2192 Others
2025-05-27 19:45:17,062 - INFO - heading.otf \u2192 Others
2025-05-27 19:45:17,062 - INFO - icon.png \u2192 Images
2025-05-27 19:45:17,062 - INFO - image.webp \u2192 Others
2025-05-27 19:45:17,062 - INFO - installer.tar.gz \u2192 Others
2025-05-27 19:45:17,062 - INFO - launcher.bat \u2192 Others
2025-05-27 19:45:17,069 - INFO - license.rtf \u2192 Others
2025-05-27 19:45:17,069 - INFO - machine.iso \u2192 Others
2025-05-27 19:45:17,069 - INFO - main.js \u2192 Others
2025-05-27 19:45:17,069 - INFO - misc.tmp \u2192 Others
2025-05-27 19:45:17,069 - INFO - module.dll \u2192 Others
2025-05-27 19:45:17,069 - INFO - movie.mp4 \u2192 Videos
2025-05-27 19:45:17,069 - INFO - notes.txt \u2192 Documents
2025-05-27 19:45:17,069 - INFO - photo.jpg \u2192 Images
2025-05-27 19:45:17,069 - INFO - presentation.pptx \u2192 Documents
2025-05-27 19:45:17,069 - INFO - program.c \u2192 Others
2025-05-27 19:45:17,069 - INFO - project.rar \u2192 Others
2025-05-27 19:45:17,069 - INFO - readme.md \u2192 Others
2025-05-27 19:45:17,069 - INFO - recording.avi \u2192 Videos
2025-05-27 19:45:17,069 - INFO - recording.wav \u2192 Audio
2025-05-27 19:45:17,069 - INFO - reel.wmv \u2192 Others
2025-05-27 19:45:17,075 - INFO - report.docx \u2192 Documents
2025-05-27 19:45:17,075 - INFO - run.sh \u2192 Others
2025-05-27 19:45:17,075 - INFO - scan.bmp \u2192 Images
2025-05-27 19:45:17,075 - INFO - schedule.xls \u2192 Others
2025-05-27 19:45:17,075 - INFO - script.py \u2192 Others
2025-05-27 19:45:17,075 - INFO - setup.exe \u2192 Others
2025-05-27 19:45:17,075 - INFO - show.mkv \u2192 Videos
2025-05-27 19:45:17,075 - INFO - slides.ppt \u2192 Others
2025-05-27 19:45:17,075 - INFO - song.mp3 \u2192 Audio
2025-05-27 19:45:17,078 - INFO - sound.ogg \u2192 Others
2025-05-27 19:45:17,078 - INFO - stream.flv \u2192 Others
2025-05-27 19:45:17,078 - INFO - style.css \u2192 Others
2025-05-27 19:45:17,079 - INFO - table.xlsx \u2192 Documents
2025-05-27 19:45:17,079 - INFO - track.flac \u2192 Others
2025-05-27 19:45:17,079 - INFO - tune.aac \u2192 Audio
2025-05-27 19:45:17,079 - INFO - unknown.xyz \u2192 Others
2025-05-27 19:45:17,079 - INFO - vector.svg \u2192 Others
2025-05-27 19:45:17,079 - INFO - voice.m4a \u2192 Others
2025-05-27 19:45:17,079 - INFO - web.html \u2192 Others
2025-05-27 19:45:17,079 - INFO - webfont.woff \u2192 Others
2025-05-27 19:45:17,079 - INFO - webfont2.woff2 \u2192 Others
2025-05-27 19:45:17,079 - INFO - whitepaper.pdf \u2192 Documents
2025-05-27 20:04:16,341 - INFO - app.java \u2192 Others
2025-05-27 20:04:16,341 - INFO - backup.zip \u2192 Others
2025-05-27 20:04:16,345 - INFO - banner.gif \u2192 Images
2025-05-27 20:04:16,345 - INFO - binary.bin \u2192 Others
2025-05-27 20:04:16,345 - INFO - clip.mov \u2192 Videos
2025-05-27 20:04:16,345 - INFO - config.json \u2192 Others
2025-05-27 20:04:16,345 - INFO - contract.doc \u2192 Documents
2025-05-27 20:04:16,345 - INFO - data.7z \u2192 Others
2025-05-27 20:04:16,345 - INFO - data.xml \u2192 Others
2025-05-27 20:04:16,345 - INFO - dataset.csv \u2192 Others
2025-05-27 20:04:16,345 - INFO - diagram.jpeg \u2192 Images
2025-05-27 20:04:16,345 - INFO - font.ttf \u2192 Others
2025-05-27 20:04:16,345 - INFO - heading.otf \u2192 Others
2025-05-27 20:04:16,349 - INFO - icon.png \u2192 Images
2025-05-27 20:04:16,349 - INFO - image.webp \u2192 Others
2025-05-27 20:04:16,349 - INFO - installer.tar.gz \u2192 Others
2025-05-27 20:04:16,350 - INFO - launcher.bat \u2192 Others
2025-05-27 20:04:16,350 - INFO - license.rtf \u2192 Others
2025-05-27 20:04:16,350 - INFO - machine.iso \u2192 Others
2025-05-27 20:04:16,350 - INFO - main.js \u2192 Others
2025-05-27 20:04:16,350 - INFO - misc.tmp \u2192 Others
2025-05-27 20:04:16,350 - INFO - module.dll \u2192 Others
2025-05-27 20:04:16,350 - INFO - movie.mp4 \u2192 Videos
2025-05-27 20:04:16,350 - INFO - notes.txt \u2192 Documents
2025-05-27 20:04:16,350 - INFO - photo.jpg \u2192 Images
2025-05-27 20:04:16,350 - INFO - presentation.pptx \u2192 Documents
2025-05-27 20:04:16,350 - INFO - program.c \u2192 Others
2025-05-27 20:04:16,350 - INFO - project.rar \u2192 Others
2025-05-27 20:04:16,350 - INFO - readme.md \u2192 Others
2025-05-27 20:04:16,350 - INFO - recording.avi \u2192 Videos
2025-05-27 20:04:16,350 - INFO - recording.wav \u2192 Audio
2025-05-27 20:04:16,350 - INFO - reel.wmv \u2192 Others
2025-05-27 20:04:16,354 - INFO - report.docx \u2192 Documents
2025-05-27 20:04:16,354 - INFO - run.sh \u2192 Others
2025-05-27 20:04:16,354 - INFO - scan.bmp \u2192 Images
2025-05-27 20:04:16,354 - INFO - schedule.xls \u2192 Others
2025-05-27 20:04:16,354 - INFO - script.py \u2192 Others
2025-05-27 20:04:16,355 - INFO - setup.exe \u2192 Others
2025-05-27 20:04:16,355 - INFO - show.mkv \u2192 Videos
2025-05-27 20:04:16,355 - INFO - slides.ppt \u2192 Others
2025-05-27 20:04:16,356 - INFO - song.mp3 \u2192 Audio
2025-05-27 20:04:16,356 - INFO - sound.ogg \u2192 Others
2025-05-27 20:04:16,356 - INFO - stream.flv \u2192 Others
2025-05-27 20:04:16,357 - INFO - style.css \u2192 Others
2025-05-27 20:04:16,357 - INFO - table.xlsx \u2192 Documents
2025-05-27 20:04:16,357 - INFO - track.flac \u2192 Others
2025-05-27 20:04:16,357 - INFO - tune.aac \u2192 Audio
2025-05-27 20:04:16,358 - INFO - unknown.xyz \u2192 Others
2025-05-27 20:04:16,358 - INFO - vector.svg \u2192 Others
2025-05-27 20:04:16,359 - INFO - voice.m4a \u2192 Others
2025-05-27 20:04:16,359 - INFO - web.html \u2192 Others
2025-05-27 20:04:16,359 - INFO - webfont.woff \u2192 Others
2025-05-27 20:04:16,360 - INFO - webfont2.woff2 \u2192 Others
2025-05-27 20:04:16,360 - INFO - whitepaper.pdf \u2192 Documents
2025-05-27 21:16:31,025 - INFO - app.java \u2192 Others
2025-05-27 21:16:31,025 - INFO - backup.zip \u2192 Others
2025-05-27 21:16:31,025 - INFO - banner.gif \u2192 Images
2025-05-27 21:16:31,025 - INFO - binary.bin \u2192 Others
2025-05-27 21:16:31,025 - INFO - clip.mov \u2192 Videos
2025-05-27 21:16:31,025 - INFO - config.json \u2192 Others
2025-05-27 21:16:31,025 - INFO - contract.doc \u2192 Documents
2025-05-27 21:16:31,025 - INFO - data.7z \u2192 Others
2025-05-27 21:16:31,025 - INFO - data.xml \u2192 Others
2025-05-27 21:16:31,029 - INFO - dataset.csv \u2192 Others
2025-05-27 21:16:31,029 - INFO - diagram.jpeg \u2192 Images
2025-05-27 21:16:31,029 - INFO - font.ttf \u2192 Others
2025-05-27 21:16:31,029 - INFO - heading.otf \u2192 Others
2025-05-27 21:16:31,029 - INFO - icon.png \u2192 Images
2025-05-27 21:16:31,029 - INFO - image.webp \u2192 Others
2025-05-27 21:16:31,029 - INFO - installer.tar.gz \u2192 Others
2025-05-27 21:16:31,029 - INFO - launcher.bat \u2192 Others
2025-05-27 21:16:31,029 - INFO - license.rtf \u2192 Others
2025-05-27 21:16:31,029 - INFO - machine.iso \u2192 Others
2025-05-27 21:16:31,029 - INFO - main.js \u2192 Others
2025-05-27 21:16:31,029 - INFO - misc.tmp \u2192 Others
2025-05-27 21:16:31,029 - INFO - module.dll \u2192 Others
2025-05-27 21:16:31,029 - INFO - movie.mp4 \u2192 Videos
2025-05-27 21:16:31,029 - INFO - notes.txt \u2192 Documents
2025-05-27 21:16:31,029 - INFO - photo.jpg \u2192 Images
2025-05-27 21:16:31,033 - INFO - presentation.pptx \u2192 Documents
2025-05-27 21:16:31,033 - INFO - program.c \u2192 Others
2025-05-27 21:16:31,033 - INFO - project.rar \u2192 Others
2025-05-27 21:16:31,033 - INFO - readme.md \u2192 Others
2025-05-27 21:16:31,033 - INFO - recording.avi \u2192 Videos
2025-05-27 21:16:31,033 - INFO - recording.wav \u2192 Audio
2025-05-27 21:16:31,033 - INFO - reel.wmv \u2192 Others
2025-05-27 21:16:31,033 - INFO - report.docx \u2192 Documents
2025-05-27 21:16:31,033 - INFO - run.sh \u2192 Others
2025-05-27 21:16:31,033 - INFO - scan.bmp \u2192 Images
2025-05-27 21:16:31,033 - INFO - schedule.xls \u2192 Others
2025-05-27 21:16:31,033 - INFO - script.py \u2192 Others
2025-05-27 21:16:31,037 - INFO - setup.exe \u2192 Others
2025-05-27 21:16:31,037 - INFO - show.mkv \u2192 Videos
2025-05-27 21:16:31,037 - INFO - slides.ppt \u2192 Others
2025-05-27 21:16:31,037 - INFO - song.mp3 \u2192 Audio
2025-05-27 21:16:31,037 - INFO - sound.ogg \u2192 Others
2025-05-27 21:16:31,037 - INFO - stream.flv \u2192 Others
2025-05-27 21:16:31,037 - INFO - style.css \u2192 Others
2025-05-27 21:16:31,037 - INFO - table.xlsx \u2192 Documents
2025-05-27 21:16:31,037 - INFO - track.flac \u2192 Others
2025-05-27 21:16:31,037 - INFO - tune.aac \u2192 Audio
2025-05-27 21:16:31,037 - INFO - unknown.xyz \u2192 Others
2025-05-27 21:16:31,037 - INFO - vector.svg \u2192 Others
2025-05-27 21:16:31,037 - INFO - voice.m4a \u2192 Others
2025-05-27 21:16:31,037 - INFO - web.html \u2192 Others
2025-05-27 21:16:31,037 - INFO - webfont.woff \u2192 Others
2025-05-27 21:16:31,037 - INFO - webfont2.woff2 \u2192 Others
2025-05-27 21:16:31,042 - INFO - whitepaper.pdf \u2192 Documents
2025-05-27 21:40:01,987 - INFO - contract.doc \u2192 Documents
2025-05-27 21:40:01,987 - INFO - notes.txt \u2192 Documents
2025-05-27 21:40:01,987 - INFO - presentation.pptx \u2192 Documents
2025-05-27 21:40:01,989 - INFO - report.docx \u2192 Documents
2025-05-27 21:40:01,989 - INFO - table.xlsx \u2192 Documents
2025-05-27 21:40:01,989 - INFO - whitepaper.pdf \u2192 Documents
